baseGameUtils/build/outputs/logs/manifest-merger-debug-report.txt
-- Merging decision tree log ---
manifest
ADDED from src/main/AndroidManifest.xml:18:1-31:12
INJECTED from src/main/AndroidManifest.xml:18:1-31:12
INJECTED from src/main/AndroidManifest.xml:18:1-31:12
INJECTED from src/main/AndroidManifest.xml:18:1-31:12
INJECTED from src/main/AndroidManifest.xml:18:1-31:12
INJECTED from src/main/AndroidManifest.xml:18:1-31:12
INJECTED from src/main/AndroidManifest.xml:18:1-31:12
	package
		ADDED from src/main/AndroidManifest.xml:20:5-53
		INJECTED from src/main/AndroidManifest.xml
		INJECTED from src/main/AndroidManifest.xml
	android:versionName
		ADDED from src/main/AndroidManifest.xml:22:5-30
		INJECTED from src/main/AndroidManifest.xml
		INJECTED from src/main/AndroidManifest.xml
	xmlns:tools
		ADDED from src/main/AndroidManifest.xml:19:5-51
	xmlns:android
		ADDED from src/main/AndroidManifest.xml:18:11-69
	android:versionCode
		ADDED from src/main/AndroidManifest.xml:21:5-28
		INJECTED from src/main/AndroidManifest.xml
		INJECTED from src/main/AndroidManifest.xml
uses-sdk
ADDED from src/main/AndroidManifest.xml:24:5-26:41
INJECTED from src/main/AndroidManifest.xml:24:5-26:41
INJECTED from src/main/AndroidManifest.xml:24:5-26:41
INJECTED from src/main/AndroidManifest.xml:24:5-26:41
INJECTED from src/main/AndroidManifest.xml:24:5-26:41
	android:targetSdkVersion
		ADDED from src/main/AndroidManifest.xml:26:9-38
		INJECTED from src/main/AndroidManifest.xml
		INJECTED from src/main/AndroidManifest.xml
	android:minSdkVersion
		ADDED from src/main/AndroidManifest.xml:25:9-35
		INJECTED from src/main/AndroidManifest.xml
		INJECTED from src/main/AndroidManifest.xml
application
ADDED from src/main/AndroidManifest.xml:28:5-29:19
	android:allowBackup
		ADDED from src/main/AndroidManifest.xml:28:18-44